#
# There is insufficient memory for the Java Runtime Environment to continue.
# Native memory allocation (malloc) failed to allocate 1048576 bytes for AllocateHeap
# Possible reasons:
#   The system is out of physical RAM or swap space
#   The process is running with CompressedOops enabled, and the Java Heap may be blocking the growth of the native heap
# Possible solutions:
#   Reduce memory load on the system
#   Increase physical memory or swap space
#   Check if swap backing store is full
#   Decrease Java heap size (-Xmx/-Xms)
#   Decrease number of Java threads
#   Decrease Java thread stack sizes (-Xss)
#   Set larger code cache with -XX:ReservedCodeCacheSize=
#   JVM is running with Zero Based Compressed Oops mode in which the Java heap is
#     placed in the first 32GB address space. The Java Heap base address is the
#     maximum limit for the native heap growth. Please use -XX:HeapBaseMinAddress
#     to set the Java Heap base and to place the Java Heap above 32GB virtual address.
# This output file may be truncated or incomplete.
#
#  Out of Memory Error (./open/src/hotspot/share/memory/allocation.cpp:44), pid=33744, tid=17792
#
# JRE version:  (15.0.1+9) (build )
# Java VM: Java HotSpot(TM) 64-Bit Server VM (15.0.1+9-18, mixed mode, sharing, tiered, compressed oops, g1 gc, windows-amd64)
# No core dump will be written. Minidumps are not enabled by default on client versions of Windows
#

---------------  S U M M A R Y ------------

Command Line: 

Host: AMD Ryzen 5 3550H with Radeon Vega Mobile Gfx  , 8 cores, 14G,  Windows 10 , 64 bit Build 18362 (10.0.18362.1110)
Time: Wed Jan  6 01:13:28 2021 ?D1¨²¡À¨º¡Á?¨º¡À?? elapsed time: 0.044041 seconds (0d 0h 0m 0s)

---------------  T H R E A D  ---------------

Current thread (0x00000168b97646a0):  JavaThread "Unknown thread" [_thread_in_vm, id=17792, stack(0x00000054a2300000,0x00000054a2400000)]

Stack: [0x00000054a2300000,0x00000054a2400000]
Native frames: (J=compiled Java code, j=interpreted, Vv=VM code, C=native code)
V  [jvm.dll+0x62ae9a]
V  [jvm.dll+0x781389]
V  [jvm.dll+0x782ae3]
V  [jvm.dll+0x783143]
V  [jvm.dll+0x216265]
V  [jvm.dll+0x8eb72]
V  [jvm.dll+0x2b0b95]
V  [jvm.dll+0x2a82ee]
V  [jvm.dll+0x75e101]
V  [jvm.dll+0x3343e4]
V  [jvm.dll+0x73e826]
V  [jvm.dll+0x3b7777]
V  [jvm.dll+0x3b9201]
C  [jli.dll+0x52fb]
C  [ucrtbase.dll+0x210b2]
C  [KERNEL32.DLL+0x17c24]
C  [ntdll.dll+0x6d4d1]


---------------  P R O C E S S  ---------------

Threads class SMR info:
_java_thread_list=0x00007ffacff94ff0, length=0, elements={
}

Java Threads: ( => current thread )

Other Threads:
  0x00000168b97b2ab0 GCTaskThread "GC Thread#0" [stack: 0x00000054a2400000,0x00000054a2500000] [id=9288]

[error occurred during error reporting (printing all threads), id 0xc0000005, EXCEPTION_ACCESS_VIOLATION (0xc0000005) at pc=0x00007ffacf7855c0]

VM state: not at safepoint (not fully initialized)

VM Mutex/Monitor currently owned by a thread:  ([mutex/lock_event])
[0x00000168b97610e0] Heap_lock - owner thread: 0x00000168b97646a0

Heap address: 0x0000000711e00000, size: 3810 MB, Compressed Oops mode: Zero based, Oop shift amount: 3
CDS archive(s) mapped at: [0x0000000000000000-0x0000000000000000-0x0000000000000000), size 0, SharedBaseAddress: 0x0000000800000000, ArchiveRelocationMode: 0.
Narrow klass base: 0x0000000000000000, Narrow klass shift: 0, Narrow klass range: 0x0

Heap:
 garbage-first heap   total 0K, used 0K [0x0000000711e00000, 0x0000000800000000)
  region size 2048K, 0 young (0K), 0 survivors (0K)
 Metaspace       used 0K, capacity 0K, committed 0K, reserved 0K
  class space    used 0K, capacity 0K, committed 0K, reserved 0K

Heap Regions: E=young(eden), S=young(survivor), O=old, HS=humongous(starts), HC=humongous(continues), CS=collection set, F=free, OA=open archive, CA=closed archive, TAMS=top-at-mark-start (previous, next)

Card table byte_map: [0x00000168d3350000,0x00000168d3ad0000] _byte_map_base: 0x00000168cfac1000

GC Heap History (0 events):
No events

Deoptimization events (0 events):
No events

Classes unloaded (0 events):
No events

Classes redefined (0 events):
No events

Internal exceptions (0 events):
No events

Events (1 events):
Event: 0.029 Loaded shared library C:\Program Files\Java\jdk-15.0.1\bin\java.dll


Dynamic libraries:
0x00007ff764f90000 - 0x00007ff764f9f000 	C:\Program Files\Java\jdk-15.0.1\bin\java.exe
0x00007ffb10a40000 - 0x00007ffb10c30000 	C:\Windows\SYSTEM32\ntdll.dll
0x00007ffb0ec70000 - 0x00007ffb0ed22000 	C:\Windows\System32\KERNEL32.DLL
0x00007ffb0daf0000 - 0x00007ffb0dd95000 	C:\Windows\System32\KERNELBASE.dll
0x00007ffb0e950000 - 0x00007ffb0ea4a000 	C:\Windows\System32\ucrtbase.dll
0x00007ffafe520000 - 0x00007ffafe539000 	C:\Program Files\Java\jdk-15.0.1\bin\VCRUNTIME140.dll
0x00007ffafe470000 - 0x00007ffafe488000 	C:\Program Files\Java\jdk-15.0.1\bin\jli.dll
0x00007ffb10620000 - 0x00007ffb106c3000 	C:\Windows\System32\ADVAPI32.dll
0x00007ffb0ed90000 - 0x00007ffb0ee2e000 	C:\Windows\System32\msvcrt.dll
0x00007ffb0ee30000 - 0x00007ffb0eec7000 	C:\Windows\System32\sechost.dll
0x00007ffb0eee0000 - 0x00007ffb0f000000 	C:\Windows\System32\RPCRT4.dll
0x00007ffb0fa50000 - 0x00007ffb0fbe4000 	C:\Windows\System32\USER32.dll
0x00007ffb0d9b0000 - 0x00007ffb0d9d1000 	C:\Windows\System32\win32u.dll
0x00007ffaff660000 - 0x00007ffaff8e4000 	C:\Windows\WinSxS\amd64_microsoft.windows.common-controls_6595b64144ccf1df_6.0.18362.1256_none_9e7e379be45e40e2\COMCTL32.dll
0x00007ffb0f020000 - 0x00007ffb0f356000 	C:\Windows\System32\combase.dll
0x00007ffb0ec40000 - 0x00007ffb0ec66000 	C:\Windows\System32\GDI32.dll
0x00007ffb0ded0000 - 0x00007ffb0e066000 	C:\Windows\System32\gdi32full.dll
0x00007ffb0da60000 - 0x00007ffb0dae1000 	C:\Windows\System32\bcryptPrimitives.dll
0x00007ffb0ea50000 - 0x00007ffb0eaee000 	C:\Windows\System32\msvcp_win.dll
0x00007ffb05080000 - 0x00007ffb0508a000 	C:\Windows\SYSTEM32\VERSION.dll
0x00007ffb106d0000 - 0x00007ffb106fe000 	C:\Windows\System32\IMM32.DLL
0x00007ffb08a50000 - 0x00007ffb08a5c000 	C:\Program Files\Java\jdk-15.0.1\bin\vcruntime140_1.dll
0x00007ffafa8a0000 - 0x00007ffafa931000 	C:\Program Files\Java\jdk-15.0.1\bin\msvcp140.dll
0x00007ffacf4d0000 - 0x00007ffad002e000 	C:\Program Files\Java\jdk-15.0.1\bin\server\jvm.dll
0x00007ffb0ff60000 - 0x00007ffb0ff68000 	C:\Windows\System32\PSAPI.DLL
0x00007ffb06e10000 - 0x00007ffb06e19000 	C:\Windows\SYSTEM32\WSOCK32.dll
0x00007ffb09ec0000 - 0x00007ffb09ee4000 	C:\Windows\SYSTEM32\WINMM.dll
0x00007ffb0ffe0000 - 0x00007ffb1004f000 	C:\Windows\System32\WS2_32.dll
0x00007ffb09e90000 - 0x00007ffb09ebd000 	C:\Windows\SYSTEM32\winmmbase.dll
0x00007ffb0de50000 - 0x00007ffb0de9a000 	C:\Windows\System32\cfgmgr32.dll
0x00007ffb0d8f0000 - 0x00007ffb0d901000 	C:\Windows\System32\kernel.appcore.dll
0x00007ffb00a90000 - 0x00007ffb00a9a000 	C:\Program Files\Java\jdk-15.0.1\bin\jimage.dll
0x00007ffb0c230000 - 0x00007ffb0c424000 	C:\Windows\SYSTEM32\DBGHELP.DLL
0x00007ffafbc30000 - 0x00007ffafbc5a000 	C:\Windows\SYSTEM32\dbgcore.DLL
0x00007ffafde20000 - 0x00007ffafde45000 	C:\Program Files\Java\jdk-15.0.1\bin\java.dll

dbghelp: loaded successfully - version: 4.0.5 - missing functions: none
symbol engine: initialized successfully - sym options: 0x614 - pdb path: .;C:\Program Files\Java\jdk-15.0.1\bin;C:\Windows\SYSTEM32;C:\Windows\WinSxS\amd64_microsoft.windows.common-controls_6595b64144ccf1df_6.0.18362.1256_none_9e7e379be45e40e2;C:\Program Files\Java\jdk-15.0.1\bin\server

VM Arguments:
java_command: <unknown>
java_class_path (initial): <not set>
Launcher Type: SUN_STANDARD

[Global flags]
     intx CICompilerCount                          = 4                                         {product} {ergonomic}
     uint ConcGCThreads                            = 2                                         {product} {ergonomic}
     uint G1ConcRefinementThreads                  = 8                                         {product} {ergonomic}
   size_t G1HeapRegionSize                         = 2097152                                   {product} {ergonomic}
    uintx GCDrainStackTargetSize                   = 64                                        {product} {ergonomic}
   size_t InitialHeapSize                          = 251658240                                 {product} {ergonomic}
   size_t MarkStackSize                            = 4194304                                   {product} {ergonomic}
   size_t MaxHeapSize                              = 3995074560                                {product} {ergonomic}
   size_t MinHeapDeltaBytes                        = 2097152                                   {product} {ergonomic}
   size_t MinHeapSize                              = 8388608                                   {product} {ergonomic}
    uintx NonNMethodCodeHeapSize                   = 5839372                                {pd product} {ergonomic}
    uintx NonProfiledCodeHeapSize                  = 122909434                              {pd product} {ergonomic}
    uintx ProfiledCodeHeapSize                     = 122909434                              {pd product} {ergonomic}
    uintx ReservedCodeCacheSize                    = 251658240                              {pd product} {ergonomic}
     bool SegmentedCodeCache                       = true                                      {product} {ergonomic}
   size_t SoftMaxHeapSize                          = 3995074560                             {manageable} {ergonomic}
     bool UseCompressedClassPointers               = true                                 {lp64_product} {ergonomic}
     bool UseCompressedOops                        = true                                 {lp64_product} {ergonomic}
     bool UseG1GC                                  = true                                      {product} {ergonomic}
     bool UseLargePagesIndividualAllocation        = false                                  {pd product} {ergonomic}

Logging:
Log output configuration:
 #0: stdout all=warning uptime,level,tags
 #1: stderr all=off uptime,level,tags

Environment Variables:
PATH=C:\Users\Jinch\AppData\Roaming\Python\Python38\Scripts;C:\Program Files\Common Files\Oracle\Java\javapath;C:\Windows\system32;C:\Windows;C:\Windows\System32\Wbem;C:\Windows\System32\WindowsPowerShell\v1.0\;C:\Windows\System32\OpenSSH\;D:\CADSeePlus;D:\Git\cmd;D:\Anaconda;D:\Anaconda\Library\mingw-w64\bin;D:\Anaconda\Library\usr\bin;D:\Anaconda\Library\bin;D:\Anaconda\Scripts;C:\Users\Jinch\AppData\Local\Programs\Python\Python39\Scripts\;C:\Users\Jinch\AppData\Local\Programs\Python\Python39\;C:\Users\Jinch\AppData\Local\Microsoft\WindowsApps;D:\Microsoft VS Code\bin;C:\Program Files\JetBrains\PyCharm 2020.2.3\bin;;C:\Users\Jinch\AppData\Local\GitHubDesktop\bin;C:\Users\Jinch\AppData\Local\Pandoc\
USERNAME=Jinch
OS=Windows_NT
PROCESSOR_IDENTIFIER=AMD64 Family 23 Model 24 Stepping 1, AuthenticAMD



---------------  S Y S T E M  ---------------

OS:
 Windows 10 , 64 bit Build 18362 (10.0.18362.1110)
OS uptime: 20 days 14:09 hours

CPU: total 8 (initial active 8) (8 cores per cpu, 2 threads per core) family 23 model 24 stepping 1 microcode 0x0, cmov, cx8, fxsr, mmx, sse, sse2, sse3, ssse3, sse4.1, sse4.2, popcnt, vzeroupper, avx, avx2, aes, clmul, 3dnowpref, lzcnt, sse4a, ht, tsc, tscinvbit, tscinv, bmi1, bmi2, adx, sha, fma, clflush, clflushopt

Memory: 4k page, system-wide physical 15236M (5180M free)
TotalPageFile size 28036M (AvailPageFile size 4M)
current process WorkingSet (physical memory assigned to process): 10M, peak: 10M
current process commit charge ("private bytes"): 56M, peak: 57M

vm_info: Java HotSpot(TM) 64-Bit Server VM (15.0.1+9-18) for windows-amd64 JRE (15.0.1+9-18), built on Sep 15 2020 14:43:54 by "mach5one" with unknown MS VC++:1925

END.
